<?xml version="1.0" encoding="UTF-8"?>
<!-- Generated by org.testng.reporters.JUnitReportReporter -->
<testsuite hostname="SONY" name="demo1.driver.Git12" tests="1" failures="0" timestamp="24 Oct 2018 17:00:08 GMT" time="0.140" errors="0">
  <testcase name="readData" time="0.140" classname="demo1.driver.Git12"/>
</testsuite> <!-- demo1.driver.Git12 -->
