<?xml version="1.0" encoding="UTF-8"?>
<!-- Generated by org.testng.reporters.JUnitReportReporter -->
<testsuite hostname="SONY" name="demo1.driver.Log" tests="1" failures="0" timestamp="11 Feb 2019 17:16:57 GMT" time="47.216" errors="0">
  <testcase name="startTest" time="47.216" classname="demo1.driver.Log"/>
</testsuite> <!-- demo1.driver.Log -->
