<?xml version="1.0" encoding="UTF-8"?>
<!-- Generated by org.testng.reporters.JUnitReportReporter -->
<testsuite hostname="SONY" name="collections.ArrayListPracticeTest" tests="1" failures="0" timestamp="13 Feb 2019 17:57:34 GMT" time="0.072" errors="0">
  <testcase name="HashMapData" time="0.072" classname="collections.ArrayListPracticeTest"/>
</testsuite> <!-- collections.ArrayListPracticeTest -->
