<?xml version="1.0" encoding="UTF-8"?>
<!-- Generated by org.testng.reporters.JUnitReportReporter -->
<testsuite hostname="SONY" name="demo1.DemoTest1" tests="1" failures="0" timestamp="30 Sep 2018 16:34:33 GMT" time="0.075" errors="0">
  <testcase name="arrayPrint" time="0.075" classname="demo1.DemoTest1"/>
</testsuite> <!-- demo1.DemoTest1 -->
