<?xml version="1.0" encoding="UTF-8"?>
<!-- Generated by org.testng.reporters.JUnitReportReporter -->
<testsuite hostname="SONY" name="demo1.ReadData" tests="1" failures="0" timestamp="15 Feb 2019 07:30:25 GMT" time="41.651" errors="0">
  <testcase name="geadDataFromPeremeter" time="41.651" classname="demo1.ReadData"/>
</testsuite> <!-- demo1.ReadData -->
