<?xml version="1.0" encoding="UTF-8"?>
<!-- Generated by org.testng.reporters.JUnitReportReporter -->
<testsuite hostname="SONY" name="demo1.driver.CalenderG" tests="1" failures="0" timestamp="9 Feb 2019 18:02:45 GMT" time="45.881" errors="0">
  <testcase name="gbLogin" time="45.881" classname="demo1.driver.CalenderG"/>
</testsuite> <!-- demo1.driver.CalenderG -->
