<?xml version="1.0" encoding="UTF-8"?>
<!-- Generated by org.testng.reporters.JUnitReportReporter -->
<testsuite hostname="SONY" name="demo1.StringSplit" tests="2" failures="0" timestamp="6 Oct 2018 07:11:04 GMT" time="0.077" errors="0">
  <testcase name="readMap" time="0.067" classname="demo1.StringSplit"/>
  <testcase name="readTree" time="0.010" classname="demo1.StringSplit"/>
</testsuite> <!-- demo1.StringSplit -->
